<?xml version="1.0" encoding="UTF-8"?>
<testng-results ignored="2" total="4" passed="1" failed="1" skipped="0">
  <reporter-output>
  </reporter-output>
  <suite started-at="2023-08-17T07:09:08 GMT" name="Default suite" finished-at="2023-08-17T07:09:23 GMT" duration-ms="14287">
    <groups>
    </groups>
    <test started-at="2023-08-17T07:09:08 GMT" name="Default test" finished-at="2023-08-17T07:09:23 GMT" duration-ms="14287">
      <class name="com.sampletestng.FirstTestNgScript">
        <test-method is-config="true" signature="setUpChrome()[pri:0, instance:com.sampletestng.FirstTestNgScript@732c2a62]" started-at="2023-08-17T07:09:08 GMT" name="setUpChrome" finished-at="2023-08-17T07:09:11 GMT" duration-ms="2669" status="PASS">
          <reporter-output>
          </reporter-output>
        </test-method> <!-- setUpChrome -->
        <test-method signature="validateTitle()[pri:1, instance:com.sampletestng.FirstTestNgScript@732c2a62]" started-at="2023-08-17T07:09:11 GMT" name="validateTitle" finished-at="2023-08-17T07:09:15 GMT" duration-ms="3627" status="FAIL">
          <exception class="java.lang.AssertionError">
            <message>
              <![CDATA[expected [Sample Page Testing Site Online - Global SQA Testing] but found [Sample Page Testing Site Online - Global SQA Testing Sites]]]>
            </message>
            <full-stacktrace>
              <![CDATA[java.lang.AssertionError: expected [Sample Page Testing Site Online - Global SQA Testing] but found [Sample Page Testing Site Online - Global SQA Testing Sites]
at org.testng.Assert.fail(Assert.java:99)
at org.testng.Assert.failNotEquals(Assert.java:1037)
at org.testng.Assert.assertEqualsImpl(Assert.java:140)
at org.testng.Assert.assertEquals(Assert.java:122)
at org.testng.Assert.assertEquals(Assert.java:629)
at org.testng.Assert.assertEquals(Assert.java:639)
at com.sampletestng.FirstTestNgScript.validateTitle(FirstTestNgScript.java:37)
at java.base/jdk.internal.reflect.NativeMethodAccessorImpl.invoke0(Native Method)
at java.base/jdk.internal.reflect.NativeMethodAccessorImpl.invoke(NativeMethodAccessorImpl.java:78)
at java.base/jdk.internal.reflect.DelegatingMethodAccessorImpl.invoke(DelegatingMethodAccessorImpl.java:43)
at java.base/java.lang.reflect.Method.invoke(Method.java:567)
at org.testng.internal.MethodInvocationHelper.invokeMethod(MethodInvocationHelper.java:132)
at org.testng.internal.TestInvoker.invokeMethod(TestInvoker.java:599)
at org.testng.internal.TestInvoker.invokeTestMethod(TestInvoker.java:174)
at org.testng.internal.MethodRunner.runInSequence(MethodRunner.java:46)
at org.testng.internal.TestInvoker$MethodInvocationAgent.invoke(TestInvoker.java:822)
at org.testng.internal.TestInvoker.invokeTestMethods(TestInvoker.java:147)
at org.testng.internal.TestMethodWorker.invokeTestMethods(TestMethodWorker.java:146)
at org.testng.internal.TestMethodWorker.run(TestMethodWorker.java:128)
at java.base/java.util.ArrayList.forEach(ArrayList.java:1511)
at org.testng.TestRunner.privateRun(TestRunner.java:764)
at org.testng.TestRunner.run(TestRunner.java:585)
at org.testng.SuiteRunner.runTest(SuiteRunner.java:384)
at org.testng.SuiteRunner.runSequentially(SuiteRunner.java:378)
at org.testng.SuiteRunner.privateRun(SuiteRunner.java:337)
at org.testng.SuiteRunner.run(SuiteRunner.java:286)
at org.testng.SuiteRunnerWorker.runSuite(SuiteRunnerWorker.java:53)
at org.testng.SuiteRunnerWorker.run(SuiteRunnerWorker.java:96)
at org.testng.TestNG.runSuitesSequentially(TestNG.java:1218)
at org.testng.TestNG.runSuitesLocally(TestNG.java:1140)
at org.testng.TestNG.runSuites(TestNG.java:1069)
at org.testng.TestNG.run(TestNG.java:1037)
at org.testng.remote.AbstractRemoteTestNG.run(AbstractRemoteTestNG.java:115)
at org.testng.remote.RemoteTestNG.initAndRun(RemoteTestNG.java:251)
at org.testng.remote.RemoteTestNG.main(RemoteTestNG.java:77)
]]>
            </full-stacktrace>
          </exception> <!-- java.lang.AssertionError -->
          <reporter-output>
          </reporter-output>
        </test-method> <!-- validateTitle -->
        <test-method signature="fillSamplePageTest_Dropdown()[pri:0, instance:com.sampletestng.FirstTestNgScript@732c2a62]" started-at="2023-08-17T07:09:15 GMT" name="fillSamplePageTest_Dropdown" finished-at="2023-08-17T07:09:22 GMT" depends-on-methods="com.sampletestng.FirstTestNgScript.validateTitle" duration-ms="7833" status="PASS">
          <reporter-output>
          </reporter-output>
        </test-method> <!-- fillSamplePageTest_Dropdown -->
        <test-method is-config="true" signature="tearDown()[pri:0, instance:com.sampletestng.FirstTestNgScript@732c2a62]" started-at="2023-08-17T07:09:22 GMT" name="tearDown" finished-at="2023-08-17T07:09:23 GMT" duration-ms="113" status="PASS">
          <reporter-output>
          </reporter-output>
        </test-method> <!-- tearDown -->
      </class> <!-- com.sampletestng.FirstTestNgScript -->
    </test> <!-- Default test -->
  </suite> <!-- Default suite -->
</testng-results>
